<?xml version="1.0" encoding="UTF-8"?>
<testng-results ignored="0" total="1" passed="1" failed="0" skipped="0">
  <reporter-output>
  </reporter-output>
  <suite started-at="2026-03-03T16:46:47 IST" name="Default suite" finished-at="2026-03-03T16:46:47 IST" duration-ms="69">
    <groups>
    </groups>
    <test started-at="2026-03-03T16:46:47 IST" name="Default test" finished-at="2026-03-03T16:46:47 IST" duration-ms="69">
      <class name="udemy.java.Child">
        <test-method is-config="true" signature="beforeMethode()[pri:0, instance:udemy.java.Child@368f2016]" started-at="2026-03-03T16:46:47 IST" name="beforeMethode" finished-at="2026-03-03T16:46:47 IST" duration-ms="7" status="PASS">
          <reporter-output>
          </reporter-output>
        </test-method> <!-- beforeMethode -->
        <test-method signature="childMethod()[pri:0, instance:udemy.java.Child@368f2016]" started-at="2026-03-03T16:46:47 IST" name="childMethod" finished-at="2026-03-03T16:46:47 IST" duration-ms="9" status="PASS">
          <reporter-output>
          </reporter-output>
        </test-method> <!-- childMethod -->
        <test-method is-config="true" signature="afterMethode()[pri:0, instance:udemy.java.Child@368f2016]" started-at="2026-03-03T16:46:47 IST" name="afterMethode" finished-at="2026-03-03T16:46:47 IST" duration-ms="0" status="PASS">
          <reporter-output>
          </reporter-output>
        </test-method> <!-- afterMethode -->
      </class> <!-- udemy.java.Child -->
    </test> <!-- Default test -->
  </suite> <!-- Default suite -->
</testng-results>
